31-Mar-2022 02:24:39.149 INFO [main] org.apache.catalina.startup.VersionLoggerListener.log Server version name:   Apache Tomcat/8.5.77
31-Mar-2022 02:24:39.157 INFO [main] org.apache.catalina.startup.VersionLoggerListener.log Server built:          Mar 13 2022 19:13:33 UTC
31-Mar-2022 02:24:39.157 INFO [main] org.apache.catalina.startup.VersionLoggerListener.log Server version number: 8.5.77.0
31-Mar-2022 02:24:39.158 INFO [main] org.apache.catalina.startup.VersionLoggerListener.log OS Name:               Linux
31-Mar-2022 02:24:39.158 INFO [main] org.apache.catalina.startup.VersionLoggerListener.log OS Version:            5.13.0-1017-azure
31-Mar-2022 02:24:39.158 INFO [main] org.apache.catalina.startup.VersionLoggerListener.log Architecture:          amd64
31-Mar-2022 02:24:39.159 INFO [main] org.apache.catalina.startup.VersionLoggerListener.log Java Home:             /usr/lib/jvm/java-8-openjdk-amd64/jre
31-Mar-2022 02:24:39.159 INFO [main] org.apache.catalina.startup.VersionLoggerListener.log JVM Version:           1.8.0_312-8u312-b07-0ubuntu1~20.04-b07
31-Mar-2022 02:24:39.159 INFO [main] org.apache.catalina.startup.VersionLoggerListener.log JVM Vendor:            Private Build
31-Mar-2022 02:24:39.159 INFO [main] org.apache.catalina.startup.VersionLoggerListener.log CATALINA_BASE:         /home/ubuntu/Tarea-6-Distribuidos/apache-tomcat-8.5.77
31-Mar-2022 02:24:39.160 INFO [main] org.apache.catalina.startup.VersionLoggerListener.log CATALINA_HOME:         /home/ubuntu/Tarea-6-Distribuidos/apache-tomcat-8.5.77
31-Mar-2022 02:24:39.165 INFO [main] org.apache.catalina.startup.VersionLoggerListener.log Command line argument: -Djava.util.logging.config.file=/home/ubuntu/Tarea-6-Distribuidos/apache-tomcat-8.5.77//conf/logging.properties
31-Mar-2022 02:24:39.165 INFO [main] org.apache.catalina.startup.VersionLoggerListener.log Command line argument: -Djava.util.logging.manager=org.apache.juli.ClassLoaderLogManager
31-Mar-2022 02:24:39.166 INFO [main] org.apache.catalina.startup.VersionLoggerListener.log Command line argument: -Djdk.tls.ephemeralDHKeySize=2048
31-Mar-2022 02:24:39.166 INFO [main] org.apache.catalina.startup.VersionLoggerListener.log Command line argument: -Djava.protocol.handler.pkgs=org.apache.catalina.webresources
31-Mar-2022 02:24:39.166 INFO [main] org.apache.catalina.startup.VersionLoggerListener.log Command line argument: -Dorg.apache.catalina.security.SecurityListener.UMASK=0027
31-Mar-2022 02:24:39.166 INFO [main] org.apache.catalina.startup.VersionLoggerListener.log Command line argument: -Dignore.endorsed.dirs=
31-Mar-2022 02:24:39.166 INFO [main] org.apache.catalina.startup.VersionLoggerListener.log Command line argument: -Dcatalina.base=/home/ubuntu/Tarea-6-Distribuidos/apache-tomcat-8.5.77/
31-Mar-2022 02:24:39.167 INFO [main] org.apache.catalina.startup.VersionLoggerListener.log Command line argument: -Dcatalina.home=/home/ubuntu/Tarea-6-Distribuidos/apache-tomcat-8.5.77/
31-Mar-2022 02:24:39.167 INFO [main] org.apache.catalina.startup.VersionLoggerListener.log Command line argument: -Djava.io.tmpdir=/home/ubuntu/Tarea-6-Distribuidos/apache-tomcat-8.5.77//temp
31-Mar-2022 02:24:39.169 INFO [main] org.apache.catalina.core.AprLifecycleListener.lifecycleEvent The Apache Tomcat Native library which allows using OpenSSL was not found on the java.library.path: [/usr/java/packages/lib/amd64:/usr/lib/x86_64-linux-gnu/jni:/lib/x86_64-linux-gnu:/usr/lib/x86_64-linux-gnu:/usr/lib/jni:/lib:/usr/lib]
31-Mar-2022 02:24:39.674 INFO [main] org.apache.coyote.AbstractProtocol.init Initializing ProtocolHandler ["http-nio-8080"]
31-Mar-2022 02:24:39.748 INFO [main] org.apache.catalina.startup.Catalina.load Initialization processed in 2903 ms
31-Mar-2022 02:24:39.855 INFO [main] org.apache.catalina.core.StandardService.startInternal Starting service [Catalina]
31-Mar-2022 02:24:39.855 INFO [main] org.apache.catalina.core.StandardEngine.startInternal Starting Servlet engine: [Apache Tomcat/8.5.77]
31-Mar-2022 02:24:39.907 INFO [localhost-startStop-1] org.apache.catalina.startup.HostConfig.deployWAR Deploying web application archive [/home/ubuntu/Tarea-6-Distribuidos/apache-tomcat-8.5.77/webapps/Servicio.war]
31-Mar-2022 02:24:41.746 WARNING [localhost-startStop-1] org.apache.tomcat.dbcp.dbcp2.BasicDataSourceFactory.getObjectInstance Name = datasource_Servicio Property maxActive is not used in DBCP2, use maxTotal instead. maxTotal default value is 8. You have set value of "100" for "maxActive" property, which is being ignored.
31-Mar-2022 02:24:41.746 WARNING [localhost-startStop-1] org.apache.tomcat.dbcp.dbcp2.BasicDataSourceFactory.getObjectInstance Name = datasource_Servicio Property maxWait is not used in DBCP2 , use maxWaitMillis instead. maxWaitMillis default value is -1. You have set value of "10000" for "maxWait" property, which is being ignored.
31-Mar-2022 02:24:41.982 INFO [localhost-startStop-1] org.apache.jasper.servlet.TldScanner.scanJars At least one JAR was scanned for TLDs yet contained no TLDs. Enable debug logging for this logger for a complete list of JARs that were scanned but no TLDs were found in them. Skipping unneeded JARs during scanning can improve startup time and JSP compilation time.
31-Mar-2022 02:24:43.166 INFO [localhost-startStop-1] org.apache.catalina.startup.HostConfig.deployWAR Deployment of web application archive [/home/ubuntu/Tarea-6-Distribuidos/apache-tomcat-8.5.77/webapps/Servicio.war] has finished in [3,259] ms
31-Mar-2022 02:24:43.166 INFO [localhost-startStop-1] org.apache.catalina.startup.HostConfig.deployDirectory Deploying web application directory [/home/ubuntu/Tarea-6-Distribuidos/apache-tomcat-8.5.77/webapps/examples]
31-Mar-2022 02:24:44.325 INFO [localhost-startStop-1] org.apache.jasper.servlet.TldScanner.scanJars At least one JAR was scanned for TLDs yet contained no TLDs. Enable debug logging for this logger for a complete list of JARs that were scanned but no TLDs were found in them. Skipping unneeded JARs during scanning can improve startup time and JSP compilation time.
31-Mar-2022 02:24:44.339 INFO [localhost-startStop-1] org.apache.catalina.startup.HostConfig.deployDirectory Deployment of web application directory [/home/ubuntu/Tarea-6-Distribuidos/apache-tomcat-8.5.77/webapps/examples] has finished in [1,173] ms
31-Mar-2022 02:24:44.340 INFO [localhost-startStop-1] org.apache.catalina.startup.HostConfig.deployDirectory Deploying web application directory [/home/ubuntu/Tarea-6-Distribuidos/apache-tomcat-8.5.77/webapps/ROOT]
31-Mar-2022 02:24:45.318 INFO [localhost-startStop-1] org.apache.jasper.servlet.TldScanner.scanJars At least one JAR was scanned for TLDs yet contained no TLDs. Enable debug logging for this logger for a complete list of JARs that were scanned but no TLDs were found in them. Skipping unneeded JARs during scanning can improve startup time and JSP compilation time.
31-Mar-2022 02:24:45.322 INFO [localhost-startStop-1] org.apache.catalina.startup.HostConfig.deployDirectory Deployment of web application directory [/home/ubuntu/Tarea-6-Distribuidos/apache-tomcat-8.5.77/webapps/ROOT] has finished in [982] ms
31-Mar-2022 02:24:45.333 INFO [main] org.apache.coyote.AbstractProtocol.start Starting ProtocolHandler ["http-nio-8080"]
31-Mar-2022 02:24:45.421 INFO [main] org.apache.catalina.startup.Catalina.start Server startup in 5672 ms
